<?xml version="1.0" encoding="UTF-8" standalone="no"?>
<!DOCTYPE log SYSTEM "logger.dtd">
<log>
<record>
  <date>2020-10-07T09:29:22.523-0300</date>
  <logger>LUANNA LEONEL DE FARIAS SILVA</logger>
  <level>FINE</level>
  <message>File 119110472-LUANNA LEONEL DE FARIAS SILVA.zip was received. It was sent by LUANNA LEONEL DE FARIAS SILVA from IP 192.168.1.9 at 07-10-2020 09*29*22</message>
</record>
</log>
<?xml version="1.0" encoding="UTF-8" standalone="no"?>
<!DOCTYPE log SYSTEM "logger.dtd">
<log>
<record>
  <date>2020-10-08T17:13:47.599-0300</date>
  <logger>LUANNA LEONEL DE FARIAS SILVA</logger>
  <level>FINE</level>
  <message>File 119110472-LUANNA LEONEL DE FARIAS SILVA.zip was received. It was sent by LUANNA LEONEL DE FARIAS SILVA from IP 192.168.1.3 at 08-10-2020 17*13*47</message>
</record>
</log>
<?xml version="1.0" encoding="UTF-8" standalone="no"?>
<!DOCTYPE log SYSTEM "logger.dtd">
<log>
<record>
  <date>2020-10-09T11:52:29.891-0300</date>
  <logger>LUANNA LEONEL DE FARIAS SILVA</logger>
  <level>FINE</level>
  <message>File 119110472-LUANNA LEONEL DE FARIAS SILVA.zip was received. It was sent by LUANNA LEONEL DE FARIAS SILVA from IP 192.168.1.7 at 09-10-2020 11*52*29</message>
</record>
</log>
<?xml version="1.0" encoding="UTF-8" standalone="no"?>
<!DOCTYPE log SYSTEM "logger.dtd">
<log>
<record>
  <date>2020-10-10T21:57:06.698-0300</date>
  <logger>LUANNA LEONEL DE FARIAS SILVA</logger>
  <level>FINE</level>
  <message>File 119110472-LUANNA LEONEL DE FARIAS SILVA.zip was received. It was sent by LUANNA LEONEL DE FARIAS SILVA from IP 192.168.1.3 at 10-10-2020 21*57*06</message>
</record>
