<?xml version="1.0" encoding="UTF-8" standalone="no"?>
<!DOCTYPE log SYSTEM "logger.dtd">
<log>
<record>
  <date>2020-09-21T10:12:46.239-0300</date>
  <logger>LUANNA LEONEL DE FARIAS SILVA</logger>
  <level>FINE</level>
  <message>File 119110472-LUANNA LEONEL DE FARIAS SILVA.zip was received. It was sent by LUANNA LEONEL DE FARIAS SILVA from IP 192.168.1.8 at 21-09-2020 10*12*46</message>
</record>
</log>
<?xml version="1.0" encoding="UTF-8" standalone="no"?>
<!DOCTYPE log SYSTEM "logger.dtd">
<log>
<record>
  <date>2020-09-23T22:24:44.386-0300</date>
  <logger>LUANNA LEONEL DE FARIAS SILVA</logger>
  <level>FINE</level>
  <message>File 119110472-LUANNA LEONEL DE FARIAS SILVA.zip was received. It was sent by LUANNA LEONEL DE FARIAS SILVA from IP 192.168.1.8 at 23-09-2020 22*24*44</message>
</record>
</log>
<?xml version="1.0" encoding="UTF-8" standalone="no"?>
<!DOCTYPE log SYSTEM "logger.dtd">
<log>
<record>
  <date>2020-09-23T22:28:06.981-0300</date>
  <logger>LUANNA LEONEL DE FARIAS SILVA</logger>
  <level>FINE</level>
  <message>File 119110472-LUANNA LEONEL DE FARIAS SILVA.zip was received. It was sent by LUANNA LEONEL DE FARIAS SILVA from IP 192.168.1.8 at 23-09-2020 22*28*06</message>
</record>
</log>
<?xml version="1.0" encoding="UTF-8" standalone="no"?>
<!DOCTYPE log SYSTEM "logger.dtd">
<log>
<record>
  <date>2020-09-23T22:29:06.715-0300</date>
  <logger>LUANNA LEONEL DE FARIAS SILVA</logger>
  <level>FINE</level>
  <message>File 119110472-LUANNA LEONEL DE FARIAS SILVA.zip was received. It was sent by LUANNA LEONEL DE FARIAS SILVA from IP 192.168.1.8 at 23-09-2020 22*29*06</message>
</record>
